1668841993998:wef
1668841997526:select
1669005543049:web-save --url https://www.google.com
1669005701555:help
1669009897278:hepl
1669009900449:help
1669009911376:findAll-genre
1669009968123:help
1669009973585:findAll-genre
1669011895258:hlp
1669011896959:help
1669011924364:findAll-author
1669018006997:help
1669018014025:findAll-book
1669018188962:help
1669018195454:delete-book
1669018198266:1
1669018224953:delete-book 1
1669018258922:HELP
1669018261876:help
1669018268691:delete-book 1
1669018319126:help
1669018324641:delete-book
1669018353387:help
1669018362802:delete-book 1
1669018405631:delete-book
1669018613790:help
1669018618496:delete-book
1669018625185:delete-book 1
1669019135897:ID 1
1669019139760:ID 2
1669019142297:R
1669019272734:save-book 3 Кекс Собака 2 Боевик
1669019515077:save-book 3 Кекс Пес 1 Боевик
1669019925497:3 Кекс Пес 2 Боевик
1669019940322:save-book 3 Кекс Пес 2 Боевик
